animation_block
# x un y ofseti
-127
-233
# total frames & speed
17
5
# has color key & its value
1
-1
# has alpha & its value
0
0
# image files
"gfx\char\045_middle_pull_0016.png"
"gfx\char\045_middle_pull_0015.png"
"gfx\char\045_middle_pull_0014.png"
"gfx\char\045_middle_pull_0013.png"
"gfx\char\045_middle_pull_0012.png"
"gfx\char\045_middle_pull_0011.png"
"gfx\char\045_middle_pull_0010.png"
"gfx\char\045_middle_pull_0009.png"
"gfx\char\045_middle_pull_0008.png"
"gfx\char\045_middle_pull_0007.png"
"gfx\char\045_middle_pull_0006.png"
"gfx\char\045_middle_pull_0005.png"
"gfx\char\045_middle_pull_0004.png"
"gfx\char\045_middle_pull_0003.png"
"gfx\char\045_middle_pull_0002.png"
"gfx\char\045_middle_pull_0001.png"
"gfx\char\045_middle_pull_0000.png"
end_animation_block
