animation_block
# x un y ofseti
-127
-233
# total frames & speed
8
10
# has color key & its value
1
-1
# has alpha & its value
0
0
# image files
"gfx\char\045_pull_door_0000.png"
"gfx\char\045_pull_door_0001.png"
"gfx\char\045_pull_door_0002.png"
"gfx\char\045_pull_door_0003.png"
"gfx\char\045_pull_door_0004.png"
"gfx\char\045_pull_door_0005.png"
"gfx\char\045_pull_door_0006.png"
"gfx\char\045_pull_door_0007.png"
end_animation_block

animation_block
# x un y ofseti
-127
-233
# total frames & speed
5
20
# has color key & its value
1
-1
# has alpha & its value
0
0
# image files
"gfx\char\045_pull_door_0006.png"
"gfx\char\045_pull_door_0007.png"
"gfx\char\045_pull_door_0006.png"
"gfx\char\045_pull_door_0007.png"
"gfx\char\045_pull_door_0006.png"
end_animation_block

animation_block
# x un y ofseti
-127
-233
# total frames & speed
8
10
# has color key & its value
1
-1
# has alpha & its value
0
0
# image files              
"gfx\char\045_pull_door_0007.png"
"gfx\char\045_pull_door_0006.png"
"gfx\char\045_pull_door_0005.png"
"gfx\char\045_pull_door_0004.png"
"gfx\char\045_pull_door_0003.png"
"gfx\char\045_pull_door_0002.png"
"gfx\char\045_pull_door_0001.png"
"gfx\char\045_pull_door_0000.png"
end_animation_block
