animation_block
# x un y ofseti
-127
-233
# total frames & speed
13
7
# has color key & its value
1
-1
# has alpha & its value
0
0
# image files
"gfx\char\135_middle_push_0000.png"
"gfx\char\135_middle_push_0001.png"
"gfx\char\135_middle_push_0002.png"
"gfx\char\135_middle_push_0003.png"
"gfx\char\135_middle_push_0004.png"
"gfx\char\135_middle_push_0005.png"
"gfx\char\135_middle_push_0006.png"
"gfx\char\135_middle_push_0007.png"
"gfx\char\135_middle_push_0008.png"
"gfx\char\135_middle_push_0009.png"
"gfx\char\135_middle_push_0010.png"
"gfx\char\135_middle_push_0011.png"
"gfx\char\135_middle_push_0012.png"
end_animation_block
