animation_block
# x un y ofseti
-127
-233
# total frames & speed
12
10
# has color key & its value
1
-1
# has alpha & its value
0
0
# image files
"gfx\char\135_low_drink_0011.png"
"gfx\char\135_low_drink_0010.png"
"gfx\char\135_low_drink_0009.png"
"gfx\char\135_low_drink_0008.png"
"gfx\char\135_low_drink_0007.png"
"gfx\char\135_low_drink_0006.png"
"gfx\char\135_low_drink_0005.png"
"gfx\char\135_low_drink_0004.png"
"gfx\char\135_low_drink_0003.png"
"gfx\char\135_low_drink_0002.png"
"gfx\char\135_low_drink_0001.png"
"gfx\char\135_low_drink_0000.png"
end_animation_block
