animation_block
# x un y ofseti
-127
-233
# total frames & speed
17
7
# has color key & its value
1
-1
# has alpha & its value
0
0
# image files
"gfx\char\135_climb_0000.png"
"gfx\char\135_climb_0001.png"
"gfx\char\135_climb_0002.png"
"gfx\char\135_climb_0003.png"
"gfx\char\135_climb_0004.png"
"gfx\char\135_climb_0005.png"
"gfx\char\135_climb_0006.png"
"gfx\char\135_climb_0007.png"
"gfx\char\135_climb_0008.png"
"gfx\char\135_climb_0009.png"
"gfx\char\135_climb_0010.png"
"gfx\char\135_climb_0011.png"
"gfx\char\135_climb_0012.png"
"gfx\char\135_climb_0013.png"
"gfx\char\135_climb_0014.png"
"gfx\char\135_climb_0015.png"
"gfx\char\135_climb_0016.png"
end_animation_block
