animation_block
# x un y ofseti
-127
-233
# total frames & speed
16
7
# has color key & its value
1
-1
# has alpha & its value
0
0
# image files
"gfx\char\180_walk_0000.png"
"gfx\char\180_walk_0001.png"
"gfx\char\180_walk_0002.png"
"gfx\char\180_walk_0003.png"
"gfx\char\180_walk_0004.png"
"gfx\char\180_walk_0005.png"
"gfx\char\180_walk_0006.png"
"gfx\char\180_walk_0007.png"
"gfx\char\180_walk_0008.png"
"gfx\char\180_walk_0009.png"
"gfx\char\180_walk_0010.png"
"gfx\char\180_walk_0011.png"
"gfx\char\180_walk_0012.png"
"gfx\char\180_walk_0013.png"
"gfx\char\180_walk_0014.png"
"gfx\char\180_walk_0015.png"
end_animation_block
