animation_block
# x un y ofseti
-127
-233
# total frames & speed
10
15
# has color key & its value
1
-1
# has alpha & its value
0
0
# image files
"gfx\char\270_combine_0007.png"
"gfx\char\270_combine_0008.png"
"gfx\char\270_combine_0007.png"
"gfx\char\270_combine_0008.png"
"gfx\char\270_combine_0007.png"
"gfx\char\270_combine_0008.png"
"gfx\char\270_combine_0007.png"
"gfx\char\270_combine_0008.png"
"gfx\char\270_combine_0007.png"
"gfx\char\270_combine_0008.png"
end_animation_block
