animation_block
# x un y ofseti
-127
-233
# total frames & speed
17
7
# has color key & its value
1
-1
# has alpha & its value
0
0
# image files
"gfx\char\315_pour_0016.png"
"gfx\char\315_pour_0015.png"
"gfx\char\315_pour_0014.png"
"gfx\char\315_pour_0013.png"
"gfx\char\315_pour_0012.png"
"gfx\char\315_pour_0011.png"
"gfx\char\315_pour_0010.png"
"gfx\char\315_pour_0009.png"
"gfx\char\315_pour_0008.png"
"gfx\char\315_pour_0007.png"
"gfx\char\315_pour_0006.png"
"gfx\char\315_pour_0005.png"
"gfx\char\315_pour_0004.png"
"gfx\char\315_pour_0003.png"
"gfx\char\315_pour_0002.png"
"gfx\char\315_pour_0001.png"
"gfx\char\315_pour_0000.png"
end_animation_block
