animation_block
# x un y ofseti
0
0
# total frames & speed
30
8
# has color key & its value
0
0
# has alpha & its value
1
-1
# image files
"gfx\inventory\acid\acid0000.png"
"gfx\inventory\acid\acid0001.png"
"gfx\inventory\acid\acid0002.png"
"gfx\inventory\acid\acid0003.png"
"gfx\inventory\acid\acid0004.png"
"gfx\inventory\acid\acid0005.png"
"gfx\inventory\acid\acid0006.png"
"gfx\inventory\acid\acid0007.png"
"gfx\inventory\acid\acid0008.png"
"gfx\inventory\acid\acid0009.png"
"gfx\inventory\acid\acid0010.png"
"gfx\inventory\acid\acid0011.png"
"gfx\inventory\acid\acid0012.png"
"gfx\inventory\acid\acid0013.png"
"gfx\inventory\acid\acid0014.png"
"gfx\inventory\acid\acid0015.png"
"gfx\inventory\acid\acid0014.png"
"gfx\inventory\acid\acid0013.png"
"gfx\inventory\acid\acid0012.png"
"gfx\inventory\acid\acid0011.png"
"gfx\inventory\acid\acid0010.png"
"gfx\inventory\acid\acid0009.png"
"gfx\inventory\acid\acid0008.png"
"gfx\inventory\acid\acid0007.png"
"gfx\inventory\acid\acid0006.png"
"gfx\inventory\acid\acid0005.png"
"gfx\inventory\acid\acid0004.png"
"gfx\inventory\acid\acid0003.png"
"gfx\inventory\acid\acid0002.png"
"gfx\inventory\acid\acid0001.png"
end_animation_block
