animation_block
# x un y ofseti
0
0
# total frames & speed
14
8
# has color key & its value
1
-1
# has alpha & its value
0
0
# image files
"gfx\inventory\belashs\belashs0000.png"
"gfx\inventory\belashs\belashs0001.png"
"gfx\inventory\belashs\belashs0002.png"
"gfx\inventory\belashs\belashs0003.png"
"gfx\inventory\belashs\belashs0004.png"
"gfx\inventory\belashs\belashs0005.png"
"gfx\inventory\belashs\belashs0006.png"
"gfx\inventory\belashs\belashs0007.png"
"gfx\inventory\belashs\belashs0006.png"
"gfx\inventory\belashs\belashs0005.png"
"gfx\inventory\belashs\belashs0004.png"
"gfx\inventory\belashs\belashs0003.png"
"gfx\inventory\belashs\belashs0002.png"
"gfx\inventory\belashs\belashs0001.png"
end_animation_block
