animation_block
# x un y ofseti
0
0
# total frames & speed
14
8
# has color key & its value
1
-1
# has alpha & its value
0
0
# image files
"gfx\inventory\hammer\hammer0000.png"
"gfx\inventory\hammer\hammer0001.png"
"gfx\inventory\hammer\hammer0002.png"
"gfx\inventory\hammer\hammer0003.png"
"gfx\inventory\hammer\hammer0004.png"
"gfx\inventory\hammer\hammer0005.png"
"gfx\inventory\hammer\hammer0006.png"
"gfx\inventory\hammer\hammer0007.png"
"gfx\inventory\hammer\hammer0006.png"
"gfx\inventory\hammer\hammer0005.png"
"gfx\inventory\hammer\hammer0004.png"
"gfx\inventory\hammer\hammer0003.png"
"gfx\inventory\hammer\hammer0002.png"
"gfx\inventory\hammer\hammer0001.png"
end_animation_block
