animation_block
# x un y ofseti
0
0
# total frames & speed
14
8
# has color key & its value
1
-1
# has alpha & its value
0
0
# image files
"gfx\inventory\pack\pack0000.png"
"gfx\inventory\pack\pack0001.png"
"gfx\inventory\pack\pack0002.png"
"gfx\inventory\pack\pack0003.png"
"gfx\inventory\pack\pack0004.png"
"gfx\inventory\pack\pack0005.png"
"gfx\inventory\pack\pack0006.png"
"gfx\inventory\pack\pack0007.png"
"gfx\inventory\pack\pack0006.png"
"gfx\inventory\pack\pack0005.png"
"gfx\inventory\pack\pack0004.png"
"gfx\inventory\pack\pack0003.png"
"gfx\inventory\pack\pack0002.png"
"gfx\inventory\pack\pack0001.png"
end_animation_block
