animation_block
# x un y ofseti
0
0
# total frames & speed
14
8
# has color key & its value
1
-1
# has alpha & its value
0
0
# image files
"gfx\inventory\pele\pele0000.png"
"gfx\inventory\pele\pele0001.png"
"gfx\inventory\pele\pele0002.png"
"gfx\inventory\pele\pele0003.png"
"gfx\inventory\pele\pele0004.png"
"gfx\inventory\pele\pele0005.png"
"gfx\inventory\pele\pele0006.png"
"gfx\inventory\pele\pele0007.png"
"gfx\inventory\pele\pele0006.png"
"gfx\inventory\pele\pele0005.png"
"gfx\inventory\pele\pele0004.png"
"gfx\inventory\pele\pele0003.png"
"gfx\inventory\pele\pele0002.png"
"gfx\inventory\pele\pele0001.png"
end_animation_block
