animation_block
# x un y ofseti
0
0
# total frames & speed
14
8
# has color key & its value
1
-1
# has alpha & its value
0
0
# image files
"gfx\inventory\photo\photo0000.png"
"gfx\inventory\photo\photo0001.png"
"gfx\inventory\photo\photo0002.png"
"gfx\inventory\photo\photo0003.png"
"gfx\inventory\photo\photo0004.png"
"gfx\inventory\photo\photo0005.png"
"gfx\inventory\photo\photo0006.png"
"gfx\inventory\photo\photo0007.png"
"gfx\inventory\photo\photo0006.png"
"gfx\inventory\photo\photo0005.png"
"gfx\inventory\photo\photo0004.png"
"gfx\inventory\photo\photo0003.png"
"gfx\inventory\photo\photo0002.png"
"gfx\inventory\photo\photo0001.png"
end_animation_block
