animation_block
# x un y ofseti
0
0
# total frames & speed
14
8
# has color key & its value
1
-1
# has alpha & its value
0
0
# image files
"gfx\inventory\siksna\siksna0000.png"
"gfx\inventory\siksna\siksna0001.png"
"gfx\inventory\siksna\siksna0002.png"
"gfx\inventory\siksna\siksna0003.png"
"gfx\inventory\siksna\siksna0004.png"
"gfx\inventory\siksna\siksna0005.png"
"gfx\inventory\siksna\siksna0006.png"
"gfx\inventory\siksna\siksna0007.png"
"gfx\inventory\siksna\siksna0006.png"
"gfx\inventory\siksna\siksna0005.png"
"gfx\inventory\siksna\siksna0004.png"
"gfx\inventory\siksna\siksna0003.png"
"gfx\inventory\siksna\siksna0002.png"
"gfx\inventory\siksna\siksna0001.png"
end_animation_block
