animation_block
# x un y ofseti
0
0
# total frames & speed
14
10
# has color key & its value
0
0
# has alpha & its value
1
-1
# image files
"gfx\inventory\sprice\sprice0000.png"
"gfx\inventory\sprice\sprice0001.png"
"gfx\inventory\sprice\sprice0002.png"
"gfx\inventory\sprice\sprice0003.png"
"gfx\inventory\sprice\sprice0004.png"
"gfx\inventory\sprice\sprice0005.png"
"gfx\inventory\sprice\sprice0006.png"
"gfx\inventory\sprice\sprice0007.png"

"gfx\inventory\sprice\sprice0006.png"
"gfx\inventory\sprice\sprice0005.png"
"gfx\inventory\sprice\sprice0004.png"
"gfx\inventory\sprice\sprice0003.png"
"gfx\inventory\sprice\sprice0002.png"
"gfx\inventory\sprice\sprice0001.png"
end_animation_block
