animation_block
# x un y ofseti
0
0
# total frames & speed
16
5
# has color key & its value
1
-1
# has alpha & its value
0
0
# image files
"gfx\inventory\sulfur\sulfur0000.png"
"gfx\inventory\sulfur\sulfur0001.png"
"gfx\inventory\sulfur\sulfur0002.png"
"gfx\inventory\sulfur\sulfur0003.png"
"gfx\inventory\sulfur\sulfur0004.png"
"gfx\inventory\sulfur\sulfur0005.png"
"gfx\inventory\sulfur\sulfur0006.png"
"gfx\inventory\sulfur\sulfur0007.png"
"gfx\inventory\sulfur\sulfur0008.png"
"gfx\inventory\sulfur\sulfur0009.png"
"gfx\inventory\sulfur\sulfur0010.png"
"gfx\inventory\sulfur\sulfur0011.png"
"gfx\inventory\sulfur\sulfur0012.png"
"gfx\inventory\sulfur\sulfur0013.png"
"gfx\inventory\sulfur\sulfur0014.png"
"gfx\inventory\sulfur\sulfur0015.png"
end_animation_block
