hotspots-en\bar_outside\
hotspots-en\eja\
hotspots-en\street\
hotspots-en\shop_inside\
hotspots-en\shop_outside\
hotspots-en\podjezd\
hotspots-en\krests\
hotspots-en\bar_inside\
hotspots-en\fabrika\
hotspots-en\fabrikas_ieeja\
hotspots-en\lab\
hotspots-en\gaitenis\
hotspots-en\degusteetava\
hotspots-en\priekshtelpa\
hotspots-en\atpuutas_telpa\
hotspots-en\wine_cellar\
hotspots-en\cellar_entrance\
hotspots-en\villa\
hotspots-en\forest\
hotspots-en\sea_scape\
hotspots-en\izjuminka\
