sound\script\01glass
sound\script\02cat
sound\script\03paper
sound\script\04click
sound\script\05metal_bang
sound\script\06door
sound\script\07water
sound\script\08take
sound\script\09put
sound\script\dabl-bark
sound\script\creak
sound\script\eep

sound\fabrika\02vemshana

sound\fabrikas_ieeja\01spainis
sound\fabrikas_ieeja\02durvis

sound\lab\01drops
sound\lab\02boom
sound\lab\03key

sound\gaitenis\01hit1
sound\gaitenis\02hit2
sound\gaitenis\03hit3
sound\gaitenis\04gas

sound\priekshtelpa\01kick

sound\wine_cellar\01glass_break
sound\wine_cellar\02gulp
sound\wine_cellar\03snort
sound\wine_cellar\04cut

sound\degusteetava\01shprice
sound\degusteetava\02suck

sound\atpuutas_telpa\01switch

sound\shop\01bell

sound\cellar_entrance\01take_from_nail
sound\cellar_entrance\02hammer
sound\cellar_entrance\03saw

sound\villa\01spade